This is pdfTeX, Version 3.14159265-2.6-1.40.16 (TeX Live 2015) (preloaded format=pdflatex 2015.10.9)  21 DEC 2015 20:19
entering extended mode
 restricted \write18 enabled.
 file:line:error style messages enabled.
 %&-line parsing enabled.
**ArshakFront.tex
(./ArshakFront.tex
LaTeX2e <2015/01/01>
Babel <3.9l> and hyphenation patterns for 79 languages loaded.
\@input{Lit.aux}
\openout2 = `Lit.aux'.

(./Lit.tex

./Lit.tex:1: LaTeX Error: Missing \begin{document}.

See the LaTeX manual or LaTeX Companion for explanation.
Type  H <return>  for immediate help.
 ...                                              
                                                  
l.1 M
     odel statistics is one of the key topics in mathematical statistics. A ...

? 
./Lit.tex:1: Emergency stop.
 ...                                              
                                                  
l.1 M
     odel statistics is one of the key topics in mathematical statistics. A ...

You're in trouble here.  Try typing  <return>  to proceed.
If that doesn't work, type  X <return>  to quit.

 
Here is how much of TeX's memory you used:
 99 strings out of 493089
 761 string characters out of 6134842
 53199 words of memory out of 5000000
 3680 multiletter control sequences out of 15000+600000
 3640 words of font info for 14 fonts, out of 8000000 for 9000
 1141 hyphenation exceptions out of 8191
 9i,0n,10p,767b,14s stack positions out of 5000i,500n,10000p,200000b,80000s
./Lit.tex:1:  ==> Fatal error occurred, no output PDF file produced!
