This is pdfTeX, Version 3.14159265-2.6-1.40.16 (TeX Live 2015) (preloaded format=pdflatex 2015.10.9)  19 MAR 2017 15:43
entering extended mode
 restricted \write18 enabled.
 file:line:error style messages enabled.
 %&-line parsing enabled.
**mydef.tex
(./mydef.tex
LaTeX2e <2015/01/01>
Babel <3.9l> and hyphenation patterns for 79 languages loaded.

./mydef.tex:145: LaTeX Error: \labelenumi undefined.

See the LaTeX manual or LaTeX Companion for explanation.
Type  H <return>  for immediate help.
 ...                                              
                                                  
l.145 \renewcommand{\labelenumi}
                                {(\alph{enumi})} % Use letters for enumerate
? 
./mydef.tex:145: Emergency stop.
 ...                                              
                                                  
l.145 \renewcommand{\labelenumi}
                                {(\alph{enumi})} % Use letters for enumerate
Try typing  <return>  to proceed.
If that doesn't work, type  X <return>  to quit.

 
Here is how much of TeX's memory you used:
 120 strings out of 493089
 716 string characters out of 6134842
 53199 words of memory out of 5000000
 3704 multiletter control sequences out of 15000+600000
 3640 words of font info for 14 fonts, out of 8000000 for 9000
 1141 hyphenation exceptions out of 8191
 7i,0n,6p,93b,14s stack positions out of 5000i,500n,10000p,200000b,80000s
./mydef.tex:145:  ==> Fatal error occurred, no output PDF file produced!
