This is pdfTeX, Version 3.14159265-2.6-1.40.16 (TeX Live 2015) (preloaded format=pdflatex 2015.10.9)  19 MAR 2017 15:22
entering extended mode
 restricted \write18 enabled.
 file:line:error style messages enabled.
 %&-line parsing enabled.
**script2014.tex
(./script2014.tex
LaTeX2e <2015/01/01>
Babel <3.9l> and hyphenation patterns for 79 languages loaded.

! LaTeX Error: File `svmono.cls' not found.

Type X to quit or <RETURN> to proceed,
or enter new name. (Default extension: cls)

Enter file name: 
./script2014.tex:3: Emergency stop.
<read *> 
         
l.3 \newcommand
               {\ifims}[2]{#1} % 1 - Latex, 2 - ims version^^M
End of file on the terminal!

 
Here is how much of TeX's memory you used:
 10 strings out of 493089
 192 string characters out of 6134842
 53199 words of memory out of 5000000
 3593 multiletter control sequences out of 15000+600000
 3640 words of font info for 14 fonts, out of 8000000 for 9000
 1141 hyphenation exceptions out of 8191
 10i,0n,7p,88b,8s stack positions out of 5000i,500n,10000p,200000b,80000s
./script2014.tex:3:  ==> Fatal error occurred, no output PDF file produced!
